  game.cpp
C:\Users\claud\Documents\ChefBurger\ChefBurger\ChefBurger\game.cpp(57,9): warning C4244: 'return' : conversion de 'const double' en 'int', perte possible de données
C:\Users\claud\Documents\ChefBurger\ChefBurger\ChefBurger\game.cpp(115,26): warning C4244: 'argument' : conversion de 'int' en 'float', perte possible de données
C:\Users\claud\Documents\ChefBurger\ChefBurger\ChefBurger\game.cpp(115,20): warning C4244: 'argument' : conversion de 'int' en 'float', perte possible de données
C:\Users\claud\Documents\ChefBurger\ChefBurger\ChefBurger\game.cpp(120,54): warning C4244: 'argument' : conversion de 'int' en 'float', perte possible de données
C:\Users\claud\Documents\ChefBurger\ChefBurger\ChefBurger\game.cpp(120,51): warning C4244: 'argument' : conversion de 'int' en 'float', perte possible de données
C:\Users\claud\Documents\ChefBurger\ChefBurger\ChefBurger\game.cpp(294,32): warning C4305: 'argument' : troncation de 'double' à 'float'
C:\Users\claud\Documents\ChefBurger\ChefBurger\ChefBurger\game.cpp(328,42): warning C4244: 'argument' : conversion de 'float' en 'int', perte possible de données
C:\Users\claud\Documents\ChefBurger\ChefBurger\ChefBurger\game.cpp(328,39): warning C4244: 'argument' : conversion de 'float' en 'int', perte possible de données
C:\Users\claud\Documents\ChefBurger\ChefBurger\ChefBurger\game.cpp(341,42): warning C4244: 'argument' : conversion de 'float' en 'int', perte possible de données
C:\Users\claud\Documents\ChefBurger\ChefBurger\ChefBurger\game.cpp(341,39): warning C4244: 'argument' : conversion de 'float' en 'int', perte possible de données
C:\Users\claud\Documents\ChefBurger\ChefBurger\ChefBurger\game.cpp(353,42): warning C4244: 'argument' : conversion de 'float' en 'int', perte possible de données
C:\Users\claud\Documents\ChefBurger\ChefBurger\ChefBurger\game.cpp(353,39): warning C4244: 'argument' : conversion de 'float' en 'int', perte possible de données
C:\Users\claud\Documents\ChefBurger\ChefBurger\ChefBurger\game.cpp(365,42): warning C4244: 'argument' : conversion de 'float' en 'int', perte possible de données
C:\Users\claud\Documents\ChefBurger\ChefBurger\ChefBurger\game.cpp(365,39): warning C4244: 'argument' : conversion de 'float' en 'int', perte possible de données
C:\Users\claud\Documents\ChefBurger\ChefBurger\ChefBurger\game.cpp(377,42): warning C4244: 'argument' : conversion de 'float' en 'int', perte possible de données
C:\Users\claud\Documents\ChefBurger\ChefBurger\ChefBurger\game.cpp(377,39): warning C4244: 'argument' : conversion de 'float' en 'int', perte possible de données
C:\Users\claud\Documents\ChefBurger\ChefBurger\ChefBurger\game.cpp(389,42): warning C4244: 'argument' : conversion de 'float' en 'int', perte possible de données
C:\Users\claud\Documents\ChefBurger\ChefBurger\ChefBurger\game.cpp(389,39): warning C4244: 'argument' : conversion de 'float' en 'int', perte possible de données
C:\Users\claud\Documents\ChefBurger\ChefBurger\ChefBurger\game.cpp(401,42): warning C4244: 'argument' : conversion de 'float' en 'int', perte possible de données
C:\Users\claud\Documents\ChefBurger\ChefBurger\ChefBurger\game.cpp(401,39): warning C4244: 'argument' : conversion de 'float' en 'int', perte possible de données
C:\Users\claud\Documents\ChefBurger\ChefBurger\ChefBurger\game.cpp(413,42): warning C4244: 'argument' : conversion de 'float' en 'int', perte possible de données
C:\Users\claud\Documents\ChefBurger\ChefBurger\ChefBurger\game.cpp(413,39): warning C4244: 'argument' : conversion de 'float' en 'int', perte possible de données
C:\Users\claud\Documents\ChefBurger\ChefBurger\ChefBurger\game.cpp(425,42): warning C4244: 'argument' : conversion de 'float' en 'int', perte possible de données
C:\Users\claud\Documents\ChefBurger\ChefBurger\ChefBurger\game.cpp(425,39): warning C4244: 'argument' : conversion de 'float' en 'int', perte possible de données
C:\Users\claud\Documents\ChefBurger\ChefBurger\ChefBurger\game.cpp(437,42): warning C4244: 'argument' : conversion de 'float' en 'int', perte possible de données
C:\Users\claud\Documents\ChefBurger\ChefBurger\ChefBurger\game.cpp(437,39): warning C4244: 'argument' : conversion de 'float' en 'int', perte possible de données
C:\Users\claud\Documents\ChefBurger\ChefBurger\ChefBurger\game.cpp(449,42): warning C4244: 'argument' : conversion de 'float' en 'int', perte possible de données
C:\Users\claud\Documents\ChefBurger\ChefBurger\ChefBurger\game.cpp(449,39): warning C4244: 'argument' : conversion de 'float' en 'int', perte possible de données
C:\Users\claud\Documents\ChefBurger\ChefBurger\ChefBurger\game.cpp(461,42): warning C4244: 'argument' : conversion de 'float' en 'int', perte possible de données
C:\Users\claud\Documents\ChefBurger\ChefBurger\ChefBurger\game.cpp(461,39): warning C4244: 'argument' : conversion de 'float' en 'int', perte possible de données
C:\Users\claud\Documents\ChefBurger\ChefBurger\ChefBurger\game.cpp(473,42): warning C4244: 'argument' : conversion de 'float' en 'int', perte possible de données
C:\Users\claud\Documents\ChefBurger\ChefBurger\ChefBurger\game.cpp(473,39): warning C4244: 'argument' : conversion de 'float' en 'int', perte possible de données
C:\Users\claud\Documents\ChefBurger\ChefBurger\ChefBurger\game.cpp(487,34): warning C4305: 'argument' : troncation de 'double' à 'float'
C:\Users\claud\Documents\ChefBurger\ChefBurger\ChefBurger\game.cpp(522,31): warning C4305: 'argument' : troncation de 'double' à 'float'
C:\Users\claud\Documents\ChefBurger\ChefBurger\ChefBurger\game.cpp(533,31): warning C4305: 'argument' : troncation de 'double' à 'float'
C:\Users\claud\Documents\ChefBurger\ChefBurger\ChefBurger\game.cpp(787,38): warning C4305: 'argument' : troncation de 'double' à 'float'
C:\Users\claud\Documents\ChefBurger\ChefBurger\ChefBurger\game.cpp(788,40): warning C4244: 'argument' : conversion de 'int' en 'float', perte possible de données
  ChefBurger.vcxproj -> C:\Users\claud\Documents\ChefBurger\ChefBurger\x64\Debug\ChefBurger.exe
